<?xml version="1.0" encoding="UTF-8"?>
<!-- Generated by org.testng.reporters.JUnitReportReporter -->
<testsuite hostname="PAR-OCC-084" failures="0" tests="1" name="stepScenarios.MyTestRunnerNG" time="28.827" errors="0" timestamp="07 Dec 2022 16:54:00 GMT" skipped="0">
  <testcase classname="stepScenarios.MyTestRunnerNG" name="runScenario" time="28.827"/>
</testsuite> <!-- stepScenarios.MyTestRunnerNG -->
