<?xml version="1.0" encoding="UTF-8"?>
<!-- Generated by org.testng.reporters.JUnitReportReporter -->
<testsuite hostname="PAR-OCC-084" failures="0" tests="1" name="stepScenarios.RerunFailedScenario" time="163.200" errors="0" timestamp="19 Jan 2022 15:39:26 GMT" skipped="0">
  <testcase classname="stepScenarios.RerunFailedScenario" name="runScenario" time="163.200"/>
</testsuite> <!-- stepScenarios.RerunFailedScenario -->
