<?xml version="1.0" encoding="UTF-8"?>
<!-- Generated by org.testng.reporters.JUnitReportReporter -->
<testsuite hostname="PAR-OCC-084" failures="0" tests="1" name="stepScenarios.MyTestRunnerNG" time="79.959" errors="0" timestamp="16 Dec 2022 13:08:46 GMT" skipped="0">
  <testcase classname="stepScenarios.MyTestRunnerNG" name="runScenario" time="79.959"/>
</testsuite> <!-- stepScenarios.MyTestRunnerNG -->
