<?xml version="1.0" encoding="UTF-8"?>
<!-- Generated by org.testng.reporters.JUnitReportReporter -->
<testsuite hostname="PAR-OCC-084" failures="0" tests="2" name="stepScenarios.MyTestRunnerNG" time="125.031" errors="0" timestamp="21 Dec 2022 10:19:43 GMT" skipped="0">
  <testcase classname="stepScenarios.MyTestRunnerNG" name="runScenario" time="63.294"/>
  <testcase classname="stepScenarios.MyTestRunnerNG" name="runScenario" time="61.737"/>
</testsuite> <!-- stepScenarios.MyTestRunnerNG -->
